[debug] [2024-12-07T19:45:26.050Z] ----------------------------------------------------------------------
[debug] [2024-12-07T19:45:26.052Z] Command:       C:\Program Files\nodejs\node.exe C:\Users\Pratheeksha P\AppData\Roaming\npm\node_modules\firebase-tools\lib\bin\firebase.js init functions
[debug] [2024-12-07T19:45:26.053Z] CLI Version:   13.27.0
[debug] [2024-12-07T19:45:26.053Z] Platform:      win32
[debug] [2024-12-07T19:45:26.053Z] Node Version:  v20.11.1
[debug] [2024-12-07T19:45:26.053Z] Time:          Sun Dec 08 2024 01:15:26 GMT+0530 (India Standard Time)
[debug] [2024-12-07T19:45:26.053Z] ----------------------------------------------------------------------
[debug] 
[debug] [2024-12-07T19:45:26.056Z] >>> [apiv2][query] GET https://firebase-public.firebaseio.com/cli.json [none]
[debug] [2024-12-07T19:45:26.091Z] > command requires scopes: ["email","openid","https://www.googleapis.com/auth/cloudplatformprojects.readonly","https://www.googleapis.com/auth/firebase","https://www.googleapis.com/auth/cloud-platform"]
[debug] [2024-12-07T19:45:26.092Z] > authorizing via signed-in user (pratheekshap837@gmail.com)
[info] 
     ######## #### ########  ######## ########     ###     ######  ########
     ##        ##  ##     ## ##       ##     ##  ##   ##  ##       ##
     ######    ##  ########  ######   ########  #########  ######  ######
     ##        ##  ##    ##  ##       ##     ## ##     ##       ## ##
     ##       #### ##     ## ######## ########  ##     ##  ######  ########

You're about to initialize a Firebase project in this directory:

  C:\Users\Pratheeksha P\Desktop\new\n

[debug] [2024-12-07T19:45:26.952Z] <<< [apiv2][status] GET https://firebase-public.firebaseio.com/cli.json 200
[debug] [2024-12-07T19:45:26.953Z] <<< [apiv2][body] GET https://firebase-public.firebaseio.com/cli.json {"cloudBuildErrorAfter":1594252800000,"cloudBuildWarnAfter":1590019200000,"defaultNode10After":1594252800000,"minVersion":"3.0.5","node8DeploysDisabledAfter":1613390400000,"node8RuntimeDisabledAfter":1615809600000,"node8WarnAfter":1600128000000}
